----------------------------------------------------------------
Thu Nov 30 09:38:23 CST 2023:
Booting Derby version The Apache Software Foundation - Apache Derby - 10.16.1.1 - (1901046): instance a816c00e-018c-20e1-92a7-00000e483458 
on database directory /home/wesley/Documents/CSI 3471/Group Project/CodersOfTheCaribbean/cruiseDatabase with class loader jdk.internal.loader.ClassLoaders$AppClassLoader@4e0e2f2a 
Loaded from file:/home/wesley/.m2/repository/org/apache/derby/derby/10.16.1.1/derby-10.16.1.1.jar
java.vendor=Oracle Corporation
java.runtime.version=21.0.1+12-29
user.dir=/home/wesley/Documents/CSI 3471/Group Project/CodersOfTheCaribbean
os.name=Linux
os.arch=amd64
os.version=5.15.0-89-generic
derby.system.home=null
Database Class Loader started - derby.database.classpath=''
----------------------------------------------------------------
Thu Nov 30 09:38:24 CST 2023:
Shutting down instance a816c00e-018c-20e1-92a7-00000e483458 on database directory /home/wesley/Documents/CSI 3471/Group Project/CodersOfTheCaribbean/cruiseDatabase with class loader jdk.internal.loader.ClassLoaders$AppClassLoader@4e0e2f2a 
----------------------------------------------------------------
Thu Nov 30 09:38:24 CST 2023:
Booting Derby version The Apache Software Foundation - Apache Derby - 10.16.1.1 - (1901046): instance cbe9405a-018c-20e1-92a7-00000e483458 
on database directory /home/wesley/Documents/CSI 3471/Group Project/CodersOfTheCaribbean/cruiseDatabase with class loader jdk.internal.loader.ClassLoaders$AppClassLoader@4e0e2f2a 
Loaded from file:/home/wesley/.m2/repository/org/apache/derby/derby/10.16.1.1/derby-10.16.1.1.jar
java.vendor=Oracle Corporation
java.runtime.version=21.0.1+12-29
user.dir=/home/wesley/Documents/CSI 3471/Group Project/CodersOfTheCaribbean
os.name=Linux
os.arch=amd64
os.version=5.15.0-89-generic
derby.system.home=null
Database Class Loader started - derby.database.classpath=''
----------------------------------------------------------------
Thu Nov 30 09:38:25 CST 2023:
Shutting down instance cbe9405a-018c-20e1-92a7-00000e483458 on database directory /home/wesley/Documents/CSI 3471/Group Project/CodersOfTheCaribbean/cruiseDatabase with class loader jdk.internal.loader.ClassLoaders$AppClassLoader@4e0e2f2a 
----------------------------------------------------------------
Thu Nov 30 09:38:25 CST 2023:
Booting Derby version The Apache Software Foundation - Apache Derby - 10.16.1.1 - (1901046): instance 0ddd00a9-018c-20e1-92a7-00000e483458 
on database directory /home/wesley/Documents/CSI 3471/Group Project/CodersOfTheCaribbean/cruiseDatabase with class loader jdk.internal.loader.ClassLoaders$AppClassLoader@4e0e2f2a 
Loaded from file:/home/wesley/.m2/repository/org/apache/derby/derby/10.16.1.1/derby-10.16.1.1.jar
java.vendor=Oracle Corporation
java.runtime.version=21.0.1+12-29
user.dir=/home/wesley/Documents/CSI 3471/Group Project/CodersOfTheCaribbean
os.name=Linux
os.arch=amd64
os.version=5.15.0-89-generic
derby.system.home=null
Database Class Loader started - derby.database.classpath=''
